<?xml version="1.0" encoding="UTF-8"?>
<!-- Generated by org.testng.reporters.JUnitXMLReporter -->
<testsuite ignored="0" hostname="Lenovo" failures="0" tests="4" name="Default test" time="66.052" errors="0" timestamp="2021-01-06T19:19:35 SGT">
  <testcase classname="test.EcommerceTestCases" name="homePageAds" time="6.411"/>
  <testcase classname="test.EcommerceTestCases" name="homePageSearchBar" time="3.476"/>
  <testcase classname="test.EcommerceTestCases" name="homePageSearchButton" time="3.27"/>
  <testcase classname="test.EcommerceTestCases" name="loginValidCredentialsTest" time="32.425"/>
</testsuite> <!-- Default test -->
