<?xml version="1.0" encoding="UTF-8"?>
<!-- Generated by org.testng.reporters.JUnitXMLReporter -->
<testsuite ignored="0" hostname="Lenovo" failures="0" tests="3" name="Default test" time="252.066" errors="0" timestamp="2021-01-12T18:14:03 SGT">
  <testcase classname="test.EcommerceTestCases" name="aLoginValidCredentialsTest" time="32.612"/>
  <testcase classname="test.EcommerceTestCases" name="bHomePageTest" time="50.349"/>
  <testcase classname="test.EcommerceTestCases" name="cCategoryPageTest" time="79.908"/>
</testsuite> <!-- Default test -->
