<?xml version="1.0" encoding="UTF-8"?>
<!-- Generated by org.testng.reporters.JUnitXMLReporter -->
<testsuite ignored="1" hostname="Lenovo" failures="0" tests="2" name="Test" time="47.91" errors="0" timestamp="2020-12-22T20:27:05 SGT">
  <testcase classname="test.ExtentReportsDemoWithTestNG2" name="test2" time="20.362"/>
  <testcase classname="test.ExtentReportsDemoWithTestNG" name="test1" time="35.698"/>
  <testcase classname="test.ExtentReportsDemoWithTestNG2" name="test1" time="0.0">
    <ignored/>
  </testcase> <!-- test1 -->
</testsuite> <!-- Test -->
