<?xml version="1.0" encoding="UTF-8"?>
<testng-results ignored="0" total="1" passed="1" failed="0" skipped="0">
  <reporter-output>
  </reporter-output>
  <suite started-at="2020-12-16T17:27:36 SGT" name="Default suite" finished-at="2020-12-16T17:28:20 SGT" duration-ms="44188">
    <groups>
    </groups>
    <test started-at="2020-12-16T17:27:36 SGT" name="Default test" finished-at="2020-12-16T17:28:20 SGT" duration-ms="44188">
      <class name="test.EcommerceTestCases">
        <test-method is-config="true" signature="setUpTest()[pri:0, instance:test.EcommerceTestCases@5fa07e12]" started-at="2020-12-16T17:27:36 SGT" name="setUpTest" finished-at="2020-12-16T17:27:43 SGT" duration-ms="6692" status="PASS">
          <reporter-output>
          </reporter-output>
        </test-method> <!-- setUpTest -->
        <test-method signature="loginValidCredentialsTest()[pri:0, instance:test.EcommerceTestCases@5fa07e12]" started-at="2020-12-16T17:27:43 SGT" name="loginValidCredentialsTest" finished-at="2020-12-16T17:28:14 SGT" duration-ms="31141" status="PASS">
          <reporter-output>
          </reporter-output>
        </test-method> <!-- loginValidCredentialsTest -->
        <test-method is-config="true" signature="endTest()[pri:0, instance:test.EcommerceTestCases@5fa07e12]" started-at="2020-12-16T17:28:14 SGT" name="endTest" finished-at="2020-12-16T17:28:20 SGT" duration-ms="6306" status="PASS">
          <reporter-output>
          </reporter-output>
        </test-method> <!-- endTest -->
      </class> <!-- test.EcommerceTestCases -->
    </test> <!-- Default test -->
  </suite> <!-- Default suite -->
</testng-results>
